<?xml version="1.0" encoding="UTF-8"?>
<!-- Generated by org.testng.reporters.JUnitXMLReporter -->
<testsuite ignored="0" hostname="EC2AMAZ-5A82V2O" failures="0" tests="4" name="test-1" time="79.785" errors="0" timestamp="2022-06-18T09:45:39 UTC">
  <testcase classname="com.orangeHRM.test.OrangeHRM_AddUser" name="urlTest" time="6.584"/>
  <testcase classname="com.orangeHRM.test.OrangeHRM_AddUser" name="addUser" time="18.641"/>
  <testcase classname="com.orangeHRM.test.OrangeHRM_AddUser" name="addUser" time="17.812"/>
  <testcase classname="com.orangeHRM.test.OrangeHRM_AddUser" name="addUser" time="17.81"/>
</testsuite> <!-- test-1 -->
