<?xml version="1.0" encoding="UTF-8"?>
<!-- Generated by org.testng.reporters.JUnitReportReporter -->
<testsuite hostname="EC2AMAZ-5A82V2O" failures="0" tests="4" name="com.orangeHRM.test.OrangeHRM_AddUser" time="60.855" errors="0" timestamp="2022-06-18T09:45:39 UTC" skipped="0">
  <testcase classname="com.orangeHRM.test.OrangeHRM_AddUser" name="urlTest" time="6.584"/>
  <system-out/>
  <testcase classname="com.orangeHRM.test.OrangeHRM_AddUser" name="addUser" time="17.818"/>
  <system-out/>
  <testcase classname="com.orangeHRM.test.OrangeHRM_AddUser" name="addUser" time="18.642"/>
  <system-out/>
  <testcase classname="com.orangeHRM.test.OrangeHRM_AddUser" name="addUser" time="17.811"/>
  <system-out/>
</testsuite> <!-- com.orangeHRM.test.OrangeHRM_AddUser -->
